TN:
SF:src/dsl.ts
FN:33,int
FN:36,bool
FN:37,string
FN:38,char
FN:39,ignored
FN:41,u8
FN:42,u16
FN:43,u32
FN:44,u64
FN:45,u128
FN:46,i8
FN:47,i16
FN:48,i32
FN:49,i64
FN:50,i128
FN:52,f32
FN:53,f64
FN:55,option
FN:56,vec
FN:57,map
FN:59,newtype
FN:65,enumUnit
FN:71,struct
FN:82,field
FNF:24
FNH:24
FNDA:66,int
FNDA:16,bool
FNDA:24,string
FNDA:5,char
FNDA:2,ignored
FNDA:3,u8
FNDA:25,u16
FNDA:19,u32
FNDA:4,u64
FNDA:3,u128
FNDA:2,i8
FNDA:1,i16
FNDA:3,i32
FNDA:2,i64
FNDA:4,i128
FNDA:3,f32
FNDA:4,f64
FNDA:17,option
FNDA:19,vec
FNDA:11,map
FNDA:3,newtype
FNDA:9,enumUnit
FNDA:71,struct
FNDA:23,field
DA:33,1
DA:35,1
DA:36,1
DA:37,1
DA:38,1
DA:39,1
DA:41,1
DA:42,1
DA:43,1
DA:44,1
DA:45,1
DA:46,1
DA:47,1
DA:48,1
DA:49,1
DA:50,1
DA:52,1
DA:53,1
DA:55,1
DA:56,1
DA:57,1
DA:59,1
DA:60,3
DA:61,3
DA:62,3
DA:63,3
DA:65,1
DA:66,9
DA:67,9
DA:68,9
DA:69,9
DA:71,1
DA:72,71
DA:73,71
DA:74,71
DA:75,71
DA:76,71
DA:77,71
DA:78,71
DA:79,71
DA:80,71
DA:82,1
DA:83,23
DA:84,23
DA:85,23
DA:86,23
DA:87,23
DA:88,1
LF:48
LH:48
BRDA:33,0,0,66
BRDA:36,1,0,16
BRDA:37,2,0,24
BRDA:38,3,0,5
BRDA:39,4,0,2
BRDA:41,5,0,3
BRDA:42,6,0,25
BRDA:43,7,0,19
BRDA:44,8,0,4
BRDA:45,9,0,3
BRDA:46,10,0,2
BRDA:47,11,0,1
BRDA:48,12,0,3
BRDA:49,13,0,2
BRDA:50,14,0,4
BRDA:52,15,0,3
BRDA:53,16,0,4
BRDA:55,17,0,17
BRDA:56,18,0,19
BRDA:57,19,0,11
BRDA:59,20,0,3
BRDA:65,21,0,9
BRDA:71,22,0,71
BRDA:79,23,0,1
BRDA:79,24,0,70
BRDA:82,25,0,23
BRF:26
BRH:26
end_of_record
TN:
SF:src/error.ts
FN:10,<instance_members_initializer>
FN:18,EnvyError
FN:26,missingValue
FN:31,custom
FN:36,equals
FNF:5
FNH:5
FNDA:145,<instance_members_initializer>
FNDA:145,EnvyError
FNDA:31,missingValue
FNDA:114,custom
FNDA:3,equals
DA:9,1
DA:10,1
DA:13,145
DA:16,145
DA:18,1
DA:19,145
DA:20,145
DA:21,145
DA:22,145
DA:23,145
DA:26,1
DA:27,31
DA:28,31
DA:31,1
DA:32,114
DA:33,114
DA:36,1
DA:37,3
DA:38,3
DA:39,1
LF:20
LH:20
BRDA:10,0,0,145
BRDA:18,1,0,145
BRDA:26,2,0,31
BRDA:31,3,0,114
BRDA:36,4,0,3
BRDA:37,5,0,2
BRDA:37,6,0,1
BRF:7
BRH:7
end_of_record
TN:
SF:src/index.ts
FN:36,toEntries
FN:41,attempt
FN:50,renameMissing
FN:61,runPlain
FN:67,runKeepNames
FN:69,stripPrefix
FN:76,runPrefixed
FN:86,scope
FN:88,fromEnv
FN:89,fromIter
FN:90,fromEnvSafe
FN:91,fromIterSafe
FN:95,fromEnv
FN:99,fromIter
FN:103,fromEnvSafe
FN:107,fromIterSafe
FN:112,prefixed
FN:117,keepNames
FNF:18
FNH:18
FNDA:304,toEntries
FNDA:9,attempt
FNDA:318,renameMissing
FNDA:302,runPlain
FNDA:8,runKeepNames
FNDA:193,stripPrefix
FNDA:16,runPrefixed
FNDA:24,scope
FNDA:2,fromEnv
FNDA:18,fromIter
FNDA:2,fromEnvSafe
FNDA:2,fromIterSafe
FNDA:2,fromEnv
FNDA:284,fromIter
FNDA:1,fromEnvSafe
FNDA:4,fromIterSafe
FNDA:16,prefixed
FNDA:8,keepNames
DA:1,1
DA:2,1
DA:3,1
DA:7,1
DA:9,1
DA:36,304
DA:37,304
DA:38,13
DA:39,13
DA:41,9
DA:42,9
DA:43,9
DA:44,9
DA:45,4
DA:46,2
DA:47,2
DA:48,9
DA:50,318
DA:51,318
DA:52,318
DA:53,318
DA:54,112
DA:55,10
DA:56,10
DA:57,102
DA:58,102
DA:59,318
DA:61,1
DA:62,302
DA:63,302
DA:64,302
DA:65,302
DA:67,1
DA:69,193
DA:70,193
DA:71,28
DA:72,29
DA:73,28
DA:74,28
DA:76,16
DA:77,16
DA:78,16
DA:79,16
DA:80,16
DA:81,16
DA:82,16
DA:83,16
DA:84,16
DA:86,24
DA:87,24
DA:88,24
DA:89,24
DA:90,24
DA:91,24
DA:92,24
DA:93,24
DA:95,1
DA:96,2
DA:97,2
DA:99,1
DA:100,284
DA:101,284
DA:103,1
DA:104,1
DA:105,1
DA:107,1
DA:108,4
DA:109,4
DA:112,1
DA:113,16
DA:114,16
DA:117,1
DA:118,8
DA:119,8
LF:74
LH:74
BRDA:36,0,0,304
BRDA:37,1,0,291
BRDA:37,2,0,13
BRDA:41,3,0,9
BRDA:44,4,0,4
BRDA:45,5,0,2
BRDA:50,6,0,318
BRDA:53,7,0,112
BRDA:54,8,0,108
BRDA:54,9,0,10
BRDA:54,10,0,10
BRDA:56,11,0,102
BRDA:61,12,0,302
BRDA:63,13,0,302
BRDA:64,14,0,7
BRDA:67,15,0,8
BRDA:69,16,0,193
BRDA:70,17,0,165
BRDA:70,18,0,29
BRDA:70,19,0,28
BRDA:72,20,0,28
BRDA:76,21,0,16
BRDA:78,22,0,196
BRDA:79,23,0,193
BRDA:81,24,0,16
BRDA:82,25,0,3
BRDA:86,26,0,24
BRDA:88,27,0,2
BRDA:89,28,0,18
BRDA:90,29,0,2
BRDA:90,30,0,2
BRDA:91,31,0,2
BRDA:91,32,0,2
BRDA:95,33,0,2
BRDA:99,34,0,284
BRDA:103,35,0,1
BRDA:104,36,0,1
BRDA:107,37,0,4
BRDA:108,38,0,4
BRDA:112,39,0,16
BRDA:113,40,0,16
BRDA:117,41,0,8
BRF:42
BRH:42
end_of_record
TN:
SF:src/internal/deserialize.ts
FN:24,members
FN:34,scalarError
FN:38,decodeVal
FN:93,decodeStruct
FN:130,decodeMap
FN:139,decode
FNF:6
FNH:6
FNDA:288,members
FNDA:48,scalarError
FNDA:483,decodeVal
FNDA:288,decodeStruct
FNDA:10,decodeMap
FNDA:310,decode
DA:1,1
DA:3,1
DA:4,1
DA:5,1
DA:24,288
DA:25,288
DA:26,432
DA:27,61
DA:28,371
DA:29,288
DA:30,288
DA:34,48
DA:35,48
DA:36,48
DA:38,483
DA:39,483
DA:40,483
DA:41,23
DA:42,23
DA:43,15
DA:44,15
DA:45,483
DA:46,148
DA:47,148
DA:48,148
DA:49,148
DA:50,483
DA:51,40
DA:52,40
DA:53,40
DA:54,40
DA:55,483
DA:56,36
DA:57,36
DA:58,36
DA:59,32
DA:60,32
DA:61,32
DA:62,4
DA:63,4
DA:64,483
DA:65,79
DA:66,483
DA:67,1
DA:68,483
DA:69,483
DA:70,17
DA:71,483
DA:72,122
DA:73,113
DA:74,113
DA:75,113
DA:76,113
DA:77,113
DA:78,483
DA:79,14
DA:80,3
DA:81,3
DA:82,11
DA:83,483
DA:84,483
DA:85,2
DA:86,2
DA:87,2
DA:88,483
DA:89,1
DA:90,483
DA:91,483
DA:93,288
DA:94,288
DA:95,288
DA:96,288
DA:98,288
DA:99,812
DA:100,812
DA:101,489
DA:102,1
DA:103,1
DA:104,1
DA:105,1
DA:106,1
DA:107,1
DA:108,1
DA:109,488
DA:110,488
DA:111,812
DA:112,322
DA:113,322
DA:115,200
DA:116,288
DA:117,265
DA:118,226
DA:119,265
DA:120,19
DA:121,39
DA:122,10
DA:123,10
DA:124,10
DA:125,10
DA:126,265
DA:127,189
DA:128,189
DA:130,10
DA:131,10
DA:132,10
DA:133,13
DA:134,13
DA:135,10
DA:136,10
DA:139,1
DA:140,310
DA:141,839
DA:142,839
DA:143,310
DA:145,310
DA:146,310
DA:147,288
DA:148,310
DA:149,10
DA:150,310
DA:151,12
DA:152,310
DA:153,310
LF:123
LH:123
BRDA:24,0,0,288
BRDA:25,1,0,432
BRDA:26,2,0,61
BRDA:27,3,0,55
BRDA:27,4,0,371
BRDA:34,5,0,48
BRDA:38,6,0,483
BRDA:40,7,0,23
BRDA:42,8,0,8
BRDA:42,9,0,15
BRDA:45,10,0,148
BRDA:47,11,0,36
BRDA:47,12,0,112
BRDA:48,13,0,16
BRDA:48,14,0,96
BRDA:50,15,0,40
BRDA:52,16,0,4
BRDA:52,17,0,36
BRDA:53,18,0,12
BRDA:53,19,0,24
BRDA:55,20,0,36
BRDA:58,21,0,4
BRDA:58,22,0,32
BRDA:61,23,0,4
BRDA:64,24,0,79
BRDA:66,25,0,1
BRDA:68,26,0,11
BRDA:69,27,0,17
BRDA:71,28,0,122
BRDA:72,29,0,120
BRDA:72,30,0,9
BRDA:72,31,0,113
BRDA:78,32,0,14
BRDA:79,33,0,3
BRDA:81,34,0,11
BRDA:83,35,0,1
BRDA:84,36,0,2
BRDA:88,37,0,1
BRDA:76,38,0,131
BRDA:93,39,0,288
BRDA:98,40,0,812
BRDA:100,41,0,489
BRDA:101,42,0,1
BRDA:108,43,0,488
BRDA:110,44,0,323
BRDA:111,45,0,1
BRDA:111,46,0,322
BRDA:113,47,0,200
BRDA:116,48,0,265
BRDA:117,49,0,226
BRDA:119,50,0,39
BRDA:119,51,0,19
BRDA:121,52,0,20
BRDA:121,53,0,10
BRDA:126,54,0,189
BRDA:95,55,0,432
BRDA:105,56,0,1
BRDA:130,57,0,10
BRDA:132,58,0,13
BRDA:139,59,0,310
BRDA:146,60,0,288
BRDA:148,61,0,10
BRDA:150,62,0,12
BRDA:140,63,0,839
BRDA:141,64,0,173
BRDA:141,65,0,666
BRF:66
BRH:66
end_of_record
TN:
SF:src/internal/env.ts
FN:6,isRecord
FN:10,stringEntries
FN:18,nodeEnv
FN:25,denoEnv
FN:36,hostEnv
FN:42,readEnv
FN:46,raise
FNF:7
FNH:7
FNDA:50,isRecord
FNDA:8,stringEntries
FNDA:14,nodeEnv
FNDA:7,denoEnv
FNDA:15,hostEnv
FNDA:6,readEnv
FNDA:6,raise
DA:1,1
DA:4,1
DA:6,50
DA:7,50
DA:8,50
DA:10,8
DA:11,8
DA:12,8
DA:13,495
DA:14,495
DA:15,8
DA:16,8
DA:18,14
DA:19,14
DA:20,14
DA:21,8
DA:22,14
DA:23,14
DA:25,7
DA:26,7
DA:27,7
DA:28,4
DA:29,7
DA:30,3
DA:31,7
DA:32,2
DA:33,7
DA:34,7
DA:36,1
DA:37,15
DA:38,15
DA:39,15
DA:42,1
DA:43,6
DA:44,6
DA:46,6
DA:47,6
DA:48,6
LF:38
LH:38
BRDA:6,0,0,50
BRDA:7,1,0,38
BRDA:10,2,0,8
BRDA:12,3,0,495
BRDA:13,4,0,494
BRDA:18,5,0,14
BRDA:20,6,0,6
BRDA:20,7,0,8
BRDA:22,8,0,7
BRDA:22,9,0,1
BRDA:25,10,0,7
BRDA:27,11,0,3
BRDA:27,12,0,4
BRDA:29,13,0,1
BRDA:29,14,0,3
BRDA:31,15,0,1
BRDA:31,16,0,2
BRDA:33,17,0,1
BRDA:33,18,0,1
BRDA:36,19,0,15
BRDA:37,20,0,1
BRDA:37,21,0,14
BRDA:38,22,0,7
BRDA:38,23,0,6
BRDA:42,24,0,6
BRDA:46,25,0,6
BRF:26
BRH:26
end_of_record
TN:
SF:src/internal/format.ts
FN:18,rustDebugStr
FN:35,oneOf
FN:45,unknownVariant
FN:51,unknownField
FN:62,assertNever
FN:77,expecting
FNF:6
FNH:6
FNDA:60,rustDebugStr
FNDA:9,oneOf
FNDA:5,unknownVariant
FNDA:3,unknownField
FNDA:3,assertNever
FNDA:28,expecting
DA:2,1
DA:4,1
DA:5,1
DA:6,1
DA:7,1
DA:8,1
DA:9,1
DA:10,1
DA:11,1
DA:18,1
DA:19,60
DA:20,60
DA:21,124
DA:22,124
DA:23,12
DA:24,12
DA:25,12
DA:26,124
DA:27,124
DA:28,60
DA:29,60
DA:35,1
DA:36,9
DA:37,9
DA:38,9
DA:39,2
DA:40,2
DA:41,4
DA:42,4
DA:45,1
DA:46,5
DA:47,4
DA:48,4
DA:51,1
DA:52,3
DA:53,2
DA:54,2
DA:62,1
DA:63,3
DA:64,3
DA:66,1
DA:67,1
DA:68,1
DA:69,1
DA:70,1
DA:71,1
DA:72,1
DA:73,1
DA:74,1
DA:77,1
DA:78,28
DA:79,28
DA:80,28
DA:81,28
DA:82,28
DA:83,28
DA:84,28
DA:85,28
DA:86,13
DA:87,28
DA:88,5
DA:89,28
DA:90,2
DA:91,28
DA:92,2
DA:93,28
DA:94,2
DA:95,28
DA:96,2
DA:97,28
DA:98,2
DA:99,28
DA:100,28
LF:73
LH:73
BRDA:18,0,0,60
BRDA:20,1,0,124
BRDA:22,2,0,12
BRDA:25,3,0,112
BRDA:26,4,0,77
BRDA:26,5,0,35
BRDA:26,6,0,0
BRDA:35,7,0,9
BRDA:37,8,0,3
BRDA:37,9,0,3
BRDA:37,10,0,8
BRDA:37,11,0,6
BRDA:38,12,0,2
BRDA:38,13,0,2
BRDA:38,14,0,8
BRDA:38,15,0,2
BRDA:40,16,0,4
BRDA:41,17,0,12
BRDA:45,18,0,5
BRDA:46,19,0,4
BRDA:46,20,0,1
BRDA:51,21,0,3
BRDA:52,22,0,2
BRDA:52,23,0,1
BRDA:62,24,0,3
BRDA:77,25,0,28
BRDA:79,26,0,2
BRDA:80,27,0,4
BRDA:81,28,0,6
BRDA:82,29,0,7
BRDA:83,30,0,9
BRDA:84,31,0,11
BRDA:85,32,0,13
BRDA:87,33,0,5
BRDA:89,34,0,2
BRDA:91,35,0,2
BRDA:93,36,0,2
BRDA:95,37,0,2
BRDA:97,38,0,2
BRF:39
BRH:38
end_of_record
TN:
SF:src/internal/parse-scalar.ts
FN:52,isBigIntType
FN:56,failure
FN:61,parseRustBool
FN:73,parseRustInt
FN:110,negativeNaN
FN:121,parseRustFloat
FNF:6
FNH:6
FNDA:199,isBigIntType
FNDA:48,failure
FNDA:23,parseRustBool
FNDA:148,parseRustInt
FNDA:4,negativeNaN
FNDA:40,parseRustFloat
DA:7,1
DA:8,1
DA:9,1
DA:10,1
DA:11,1
DA:12,1
DA:13,1
DA:21,1
DA:22,1
DA:23,1
DA:24,1
DA:25,1
DA:26,1
DA:27,1
DA:28,1
DA:29,1
DA:30,1
DA:31,1
DA:32,1
DA:33,1
DA:34,1
DA:35,1
DA:36,1
DA:38,1
DA:39,1
DA:40,1
DA:41,1
DA:42,1
DA:43,1
DA:44,1
DA:45,1
DA:46,1
DA:47,1
DA:48,1
DA:49,1
DA:52,1
DA:53,199
DA:54,199
DA:56,48
DA:57,48
DA:58,48
DA:61,1
DA:62,23
DA:63,23
DA:64,8
DA:65,8
DA:73,1
DA:74,148
DA:76,144
DA:77,144
DA:78,144
DA:79,144
DA:80,148
DA:81,13
DA:82,13
DA:83,1
DA:84,13
DA:85,9
DA:86,9
DA:87,9
DA:88,13
DA:90,142
DA:91,148
DA:92,473
DA:93,473
DA:94,451
DA:95,451
DA:97,148
DA:98,148
DA:99,148
DA:100,112
DA:101,112
DA:103,1
DA:110,4
DA:111,4
DA:112,4
DA:113,4
DA:114,4
DA:121,1
DA:122,40
DA:124,40
DA:125,40
DA:127,40
DA:128,40
DA:129,10
DA:130,10
DA:131,40
DA:133,40
DA:134,14
DA:135,14
LF:90
LH:90
BRDA:52,0,0,199
BRDA:56,1,0,48
BRDA:61,2,0,23
BRDA:62,3,0,14
BRDA:62,4,0,9
BRDA:63,5,0,1
BRDA:63,6,0,8
BRDA:73,7,0,148
BRDA:74,8,0,4
BRDA:74,9,0,144
BRDA:80,10,0,142
BRDA:80,11,0,13
BRDA:81,12,0,2
BRDA:81,13,0,11
BRDA:82,14,0,1
BRDA:84,15,0,10
BRDA:84,16,0,9
BRDA:88,17,0,142
BRDA:91,18,0,473
BRDA:93,19,0,469
BRDA:93,20,0,22
BRDA:93,21,0,451
BRDA:95,22,0,120
BRDA:97,23,0,9
BRDA:97,24,0,111
BRDA:98,25,0,6
BRDA:98,26,0,114
BRDA:99,27,0,2
BRDA:99,28,0,112
BRDA:110,29,0,4
BRDA:121,30,0,40
BRDA:122,31,0,1
BRDA:122,32,0,39
BRDA:124,33,0,11
BRDA:124,34,0,28
BRDA:125,35,0,28
BRDA:125,36,0,16
BRDA:125,37,0,23
BRDA:128,38,0,32
BRDA:128,39,0,10
BRDA:130,40,0,29
BRDA:131,41,0,12
BRDA:131,42,0,4
BRDA:131,43,0,8
BRDA:131,44,0,17
BRDA:133,45,0,3
BRDA:133,46,0,14
BRF:47
BRH:47
end_of_record
TN:
SF:src/internal/unicode.ts
FN:13,rustTrim
FN:26,isRustPrintable
FNF:2
FNH:2
FNDA:149,rustTrim
FNDA:112,isRustPrintable
DA:7,1
DA:8,1
DA:10,1
DA:13,1
DA:14,149
DA:15,149
DA:23,1
DA:24,1
DA:26,1
DA:27,112
DA:28,112
DA:29,103
DA:30,103
LF:13
LH:13
BRDA:13,0,0,149
BRDA:26,1,0,112
BRDA:27,2,0,1
BRDA:27,3,0,111
BRDA:28,4,0,8
BRDA:28,5,0,103
BRF:6
BRH:6
end_of_record
